# JRE version: OpenJDK Runtime Environment (8.0_121-b13) (build 1.8.0_121-8u121-b13-0ubuntu1.16.04.2-b13)
# Java VM: OpenJDK 64-Bit Server VM (25.121-b13 mixed mode linux-amd64 compressed oops)
Heap:
 PSYoungGen      total 800768K, used 48367K [0x000000076ab00000, 0x00000007b8400000, 0x00000007c0000000)
  eden space 334848K, 0% used [0x000000076ab00000,0x000000076ab00000,0x000000077f200000)
  from space 465920K, 10% used [0x000000079b900000,0x000000079e83bfe0,0x00000007b8000000)
  to   space 465920K, 0% used [0x000000077f200000,0x000000077f200000,0x000000079b900000)
 ParOldGen       total 2151424K, used 2151110K [0x00000006c0000000, 0x0000000743500000, 0x000000076ab00000)
  object space 2151424K, 99% used [0x00000006c0000000,0x00000007434b1a48,0x0000000743500000)
 Metaspace       used 7347K, capacity 7594K, committed 7936K, reserved 1056768K
  class space    used 803K, capacity 907K, committed 1024K, reserved 1048576K
GC Heap History (10 events):
Event: 18.528 GC heap after
Heap after GC invocations=31 (full 7):
 PSYoungGen      total 726528K, used 116802K [0x000000076ab00000, 0x00000007b3900000, 0x00000007c0000000)
  eden space 303104K, 0% used [0x000000076ab00000,0x000000076ab00000,0x000000077d300000)
  from space 423424K, 27% used [0x0000000799b80000,0x00000007a0d90b70,0x00000007b3900000)
  to   space 445440K, 0% used [0x000000077d300000,0x000000077d300000,0x0000000798600000)
 ParOldGen       total 2151424K, used 1572201K [0x00000006c0000000, 0x0000000743500000, 0x000000076ab00000)
  object space 2151424K, 73% used [0x00000006c0000000,0x000000071ff5a660,0x0000000743500000)
 Metaspace       used 7347K, capacity 7594K, committed 7936K, reserved 1056768K
  class space    used 803K, capacity 907K, committed 1024K, reserved 1048576K
}
Event: 19.041 GC heap before
{Heap before GC invocations=32 (full 7):
 PSYoungGen      total 726528K, used 419906K [0x000000076ab00000, 0x00000007b3900000, 0x00000007c0000000)
  eden space 303104K, 100% used [0x000000076ab00000,0x000000077d300000,0x000000077d300000)
  from space 423424K, 27% used [0x0000000799b80000,0x00000007a0d90b70,0x00000007b3900000)
  to   space 445440K, 0% used [0x000000077d300000,0x000000077d300000,0x0000000798600000)
 ParOldGen       total 2151424K, used 1572201K [0x00000006c0000000, 0x0000000743500000, 0x000000076ab00000)
  object space 2151424K, 73% used [0x00000006c0000000,0x000000071ff5a660,0x0000000743500000)
 Metaspace       used 7347K, capacity 7594K, committed 7936K, reserved 1056768K
  class space    used 803K, capacity 907K, committed 1024K, reserved 1048576K
Event: 19.134 GC heap after
Heap after GC invocations=32 (full 7):
 PSYoungGen      total 748544K, used 244550K [0x000000076ab00000, 0x00000007b4b80000, 0x00000007c0000000)
  eden space 303104K, 0% used [0x000000076ab00000,0x000000076ab00000,0x000000077d300000)
  from space 445440K, 54% used [0x000000077d300000,0x000000078c1d1890,0x0000000798600000)
  to   space 442368K, 0% used [0x0000000799b80000,0x0000000799b80000,0x00000007b4b80000)
 ParOldGen       total 2151424K, used 1572201K [0x00000006c0000000, 0x0000000743500000, 0x000000076ab00000)
  object space 2151424K, 73% used [0x00000006c0000000,0x000000071ff5a660,0x0000000743500000)
 Metaspace       used 7347K, capacity 7594K, committed 7936K, reserved 1056768K
  class space    used 803K, capacity 907K, committed 1024K, reserved 1048576K
}
Event: 19.658 GC heap before
{Heap before GC invocations=33 (full 7):
 PSYoungGen      total 748544K, used 547654K [0x000000076ab00000, 0x00000007b4b80000, 0x00000007c0000000)
  eden space 303104K, 100% used [0x000000076ab00000,0x000000077d300000,0x000000077d300000)
  from space 445440K, 54% used [0x000000077d300000,0x000000078c1d1890,0x0000000798600000)
  to   space 442368K, 0% used [0x0000000799b80000,0x0000000799b80000,0x00000007b4b80000)
 ParOldGen       total 2151424K, used 1572201K [0x00000006c0000000, 0x0000000743500000, 0x000000076ab00000)
  object space 2151424K, 73% used [0x00000006c0000000,0x000000071ff5a660,0x0000000743500000)
 Metaspace       used 7347K, capacity 7594K, committed 7936K, reserved 1056768K
  class space    used 803K, capacity 907K, committed 1024K, reserved 1048576K
Event: 19.797 GC heap after
Heap after GC invocations=33 (full 7):
 PSYoungGen      total 747008K, used 374808K [0x000000076ab00000, 0x00000007b7b00000, 0x00000007c0000000)
  eden space 304640K, 0% used [0x000000076ab00000,0x000000076ab00000,0x000000077d480000)
  from space 442368K, 84% used [0x0000000799b80000,0x00000007b09862f0,0x00000007b4b80000)
  to   space 465920K, 0% used [0x000000077d480000,0x000000077d480000,0x0000000799b80000)
 ParOldGen       total 2151424K, used 1572201K [0x00000006c0000000, 0x0000000743500000, 0x000000076ab00000)
  object space 2151424K, 73% used [0x00000006c0000000,0x000000071ff5a660,0x0000000743500000)
 Metaspace       used 7347K, capacity 7594K, committed 7936K, reserved 1056768K
  class space    used 803K, capacity 907K, committed 1024K, reserved 1048576K
}
Event: 20.218 GC heap before
{Heap before GC invocations=34 (full 7):
 PSYoungGen      total 747008K, used 679448K [0x000000076ab00000, 0x00000007b7b00000, 0x00000007c0000000)
  eden space 304640K, 100% used [0x000000076ab00000,0x000000077d480000,0x000000077d480000)
  from space 442368K, 84% used [0x0000000799b80000,0x00000007b09862f0,0x00000007b4b80000)
  to   space 465920K, 0% used [0x000000077d480000,0x000000077d480000,0x0000000799b80000)
 ParOldGen       total 2151424K, used 1572201K [0x00000006c0000000, 0x0000000743500000, 0x000000076ab00000)
  object space 2151424K, 73% used [0x00000006c0000000,0x000000071ff5a660,0x0000000743500000)
 Metaspace       used 7347K, capacity 7594K, committed 7936K, reserved 1056768K
  class space    used 803K, capacity 907K, committed 1024K, reserved 1048576K
Event: 20.419 GC heap after
Heap after GC invocations=34 (full 7):
 PSYoungGen      total 770560K, used 386812K [0x000000076ab00000, 0x00000007b8000000, 0x00000007c0000000)
  eden space 304640K, 0% used [0x000000076ab00000,0x000000076ab00000,0x000000077d480000)
  from space 465920K, 83% used [0x000000077d480000,0x0000000794e3f250,0x0000000799b80000)
  to   space 465920K, 0% used [0x000000079b900000,0x000000079b900000,0x00000007b8000000)
 ParOldGen       total 2151424K, used 1688436K [0x00000006c0000000, 0x0000000743500000, 0x000000076ab00000)
  object space 2151424K, 78% used [0x00000006c0000000,0x00000007270dd090,0x0000000743500000)
 Metaspace       used 7347K, capacity 7594K, committed 7936K, reserved 1056768K
  class space    used 803K, capacity 907K, committed 1024K, reserved 1048576K
}
Event: 20.839 GC heap before
{Heap before GC invocations=35 (full 7):
 PSYoungGen      total 770560K, used 691452K [0x000000076ab00000, 0x00000007b8000000, 0x00000007c0000000)
  eden space 304640K, 100% used [0x000000076ab00000,0x000000077d480000,0x000000077d480000)
  from space 465920K, 83% used [0x000000077d480000,0x0000000794e3f250,0x0000000799b80000)
  to   space 465920K, 0% used [0x000000079b900000,0x000000079b900000,0x00000007b8000000)
 ParOldGen       total 2151424K, used 1688436K [0x00000006c0000000, 0x0000000743500000, 0x000000076ab00000)
  object space 2151424K, 78% used [0x00000006c0000000,0x00000007270dd090,0x0000000743500000)
 Metaspace       used 7347K, capacity 7594K, committed 7936K, reserved 1056768K
  class space    used 803K, capacity 907K, committed 1024K, reserved 1048576K
Event: 21.142 GC heap after
Heap after GC invocations=35 (full 7):
 PSYoungGen      total 800768K, used 254826K [0x000000076ab00000, 0x00000007b8400000, 0x00000007c0000000)
  eden space 334848K, 0% used [0x000000076ab00000,0x000000076ab00000,0x000000077f200000)
  from space 465920K, 54% used [0x000000079b900000,0x00000007ab1da960,0x00000007b8000000)
  to   space 465920K, 0% used [0x000000077f200000,0x000000077f200000,0x000000079b900000)
 ParOldGen       total 2151424K, used 1947429K [0x00000006c0000000, 0x0000000743500000, 0x000000076ab00000)
  object space 2151424K, 90% used [0x00000006c0000000,0x0000000736dc97b0,0x0000000743500000)
 Metaspace       used 7347K, capacity 7594K, committed 7936K, reserved 1056768K
  class space    used 803K, capacity 907K, committed 1024K, reserved 1048576K
}
Event: 21.142 GC heap before
{Heap before GC invocations=36 (full 8):
 PSYoungGen      total 800768K, used 254826K [0x000000076ab00000, 0x00000007b8400000, 0x00000007c0000000)
  eden space 334848K, 0% used [0x000000076ab00000,0x000000076ab00000,0x000000077f200000)
  from space 465920K, 54% used [0x000000079b900000,0x00000007ab1da960,0x00000007b8000000)
  to   space 465920K, 0% used [0x000000077f200000,0x000000077f200000,0x000000079b900000)
 ParOldGen       total 2151424K, used 1947429K [0x00000006c0000000, 0x0000000743500000, 0x000000076ab00000)
  object space 2151424K, 90% used [0x00000006c0000000,0x0000000736dc97b0,0x0000000743500000)
 Metaspace       used 7347K, capacity 7594K, committed 7936K, reserved 1056768K
  class space    used 803K, capacity 907K, committed 1024K, reserved 1048576K

