# JRE version: OpenJDK Runtime Environment (8.0_121-b13) (build 1.8.0_121-8u121-b13-0ubuntu1.16.04.2-b13)
# Java VM: OpenJDK 64-Bit Server VM (25.121-b13 mixed mode linux-amd64 compressed oops)
Heap:
 PSYoungGen      total 1054208K, used 22341K [0x0000000740000000, 0x00000007ab100000, 0x00000007c0000000)
  eden space 355328K, 0% used [0x0000000740000000,0x0000000740000000,0x0000000755b00000)
  from space 698880K, 3% used [0x0000000780580000,0x0000000781b515b0,0x00000007ab000000)
  to   space 698880K, 0% used [0x0000000755b00000,0x0000000755b00000,0x0000000780580000)
 ParOldGen       total 2722304K, used 2722125K [0x0000000640000000, 0x00000006e6280000, 0x0000000740000000)
  object space 2722304K, 99% used [0x0000000640000000,0x00000006e62536d0,0x00000006e6280000)
 Metaspace       used 7361K, capacity 7610K, committed 7936K, reserved 1056768K
  class space    used 804K, capacity 907K, committed 1024K, reserved 1048576K
GC Heap History (10 events):
Event: 25.727 GC heap after
Heap after GC invocations=40 (full 7):
 PSYoungGen      total 998400K, used 344632K [0x0000000740000000, 0x00000007a9900000, 0x00000007c0000000)
  eden space 299520K, 0% used [0x0000000740000000,0x0000000740000000,0x0000000752480000)
  from space 698880K, 49% used [0x0000000752480000,0x000000076750e1f0,0x000000077cf00000)
  to   space 698880K, 0% used [0x000000077ee80000,0x000000077ee80000,0x00000007a9900000)
 ParOldGen       total 2114048K, used 2003263K [0x0000000640000000, 0x00000006c1080000, 0x0000000740000000)
  object space 2114048K, 94% used [0x0000000640000000,0x00000006ba44fe58,0x00000006c1080000)
 Metaspace       used 7360K, capacity 7610K, committed 7936K, reserved 1056768K
  class space    used 804K, capacity 907K, committed 1024K, reserved 1048576K
}
Event: 25.727 GC heap before
{Heap before GC invocations=41 (full 8):
 PSYoungGen      total 998400K, used 344632K [0x0000000740000000, 0x00000007a9900000, 0x00000007c0000000)
  eden space 299520K, 0% used [0x0000000740000000,0x0000000740000000,0x0000000752480000)
  from space 698880K, 49% used [0x0000000752480000,0x000000076750e1f0,0x000000077cf00000)
  to   space 698880K, 0% used [0x000000077ee80000,0x000000077ee80000,0x00000007a9900000)
 ParOldGen       total 2114048K, used 2003263K [0x0000000640000000, 0x00000006c1080000, 0x0000000740000000)
  object space 2114048K, 94% used [0x0000000640000000,0x00000006ba44fe58,0x00000006c1080000)
 Metaspace       used 7360K, capacity 7610K, committed 7936K, reserved 1056768K
  class space    used 804K, capacity 907K, committed 1024K, reserved 1048576K
Event: 28.096 GC heap after
Heap after GC invocations=41 (full 8):
 PSYoungGen      total 998400K, used 231752K [0x0000000740000000, 0x00000007a9900000, 0x00000007c0000000)
  eden space 299520K, 0% used [0x0000000740000000,0x0000000740000000,0x0000000752480000)
  from space 698880K, 33% used [0x0000000752480000,0x00000007606d23e8,0x000000077cf00000)
  to   space 698880K, 0% used [0x000000077ee80000,0x000000077ee80000,0x00000007a9900000)
 ParOldGen       total 2722304K, used 2113686K [0x0000000640000000, 0x00000006e6280000, 0x0000000740000000)
  object space 2722304K, 77% used [0x0000000640000000,0x00000006c1025b58,0x00000006e6280000)
 Metaspace       used 7360K, capacity 7610K, committed 7936K, reserved 1056768K
  class space    used 804K, capacity 907K, committed 1024K, reserved 1048576K
}
Event: 30.435 GC heap before
{Heap before GC invocations=42 (full 8):
 PSYoungGen      total 998400K, used 531272K [0x0000000740000000, 0x00000007a9900000, 0x00000007c0000000)
  eden space 299520K, 100% used [0x0000000740000000,0x0000000752480000,0x0000000752480000)
  from space 698880K, 33% used [0x0000000752480000,0x00000007606d23e8,0x000000077cf00000)
  to   space 698880K, 0% used [0x000000077ee80000,0x000000077ee80000,0x00000007a9900000)
 ParOldGen       total 2722304K, used 2113686K [0x0000000640000000, 0x00000006e6280000, 0x0000000740000000)
  object space 2722304K, 77% used [0x0000000640000000,0x00000006c1025b58,0x00000006e6280000)
 Metaspace       used 7361K, capacity 7610K, committed 7936K, reserved 1056768K
  class space    used 804K, capacity 907K, committed 1024K, reserved 1048576K
Event: 30.764 GC heap after
Heap after GC invocations=42 (full 8):
 PSYoungGen      total 1018368K, used 281307K [0x0000000740000000, 0x00000007a9300000, 0x00000007c0000000)
  eden space 325632K, 0% used [0x0000000740000000,0x0000000740000000,0x0000000753e00000)
  from space 692736K, 40% used [0x000000077ee80000,0x0000000790136f00,0x00000007a9300000)
  to   space 698880K, 0% used [0x0000000753e00000,0x0000000753e00000,0x000000077e880000)
 ParOldGen       total 2722304K, used 2190295K [0x0000000640000000, 0x00000006e6280000, 0x0000000740000000)
  object space 2722304K, 80% used [0x0000000640000000,0x00000006c5af5de8,0x00000006e6280000)
 Metaspace       used 7361K, capacity 7610K, committed 7936K, reserved 1056768K
  class space    used 804K, capacity 907K, committed 1024K, reserved 1048576K
}
Event: 31.258 GC heap before
{Heap before GC invocations=43 (full 8):
 PSYoungGen      total 1018368K, used 606939K [0x0000000740000000, 0x00000007a9300000, 0x00000007c0000000)
  eden space 325632K, 100% used [0x0000000740000000,0x0000000753e00000,0x0000000753e00000)
  from space 692736K, 40% used [0x000000077ee80000,0x0000000790136f00,0x00000007a9300000)
  to   space 698880K, 0% used [0x0000000753e00000,0x0000000753e00000,0x000000077e880000)
 ParOldGen       total 2722304K, used 2190295K [0x0000000640000000, 0x00000006e6280000, 0x0000000740000000)
  object space 2722304K, 80% used [0x0000000640000000,0x00000006c5af5de8,0x00000006e6280000)
 Metaspace       used 7361K, capacity 7610K, committed 7936K, reserved 1056768K
  class space    used 804K, capacity 907K, committed 1024K, reserved 1048576K
Event: 31.458 GC heap after
Heap after GC invocations=43 (full 8):
 PSYoungGen      total 1024512K, used 261951K [0x0000000740000000, 0x00000007ab000000, 0x00000007c0000000)
  eden space 325632K, 0% used [0x0000000740000000,0x0000000740000000,0x0000000753e00000)
  from space 698880K, 37% used [0x0000000753e00000,0x0000000763dcfc80,0x000000077e880000)
  to   space 698880K, 0% used [0x0000000780580000,0x0000000780580000,0x00000007ab000000)
 ParOldGen       total 2722304K, used 2346277K [0x0000000640000000, 0x00000006e6280000, 0x0000000740000000)
  object space 2722304K, 86% used [0x0000000640000000,0x00000006cf349658,0x00000006e6280000)
 Metaspace       used 7361K, capacity 7610K, committed 7936K, reserved 1056768K
  class space    used 804K, capacity 907K, committed 1024K, reserved 1048576K
}
Event: 31.999 GC heap before
{Heap before GC invocations=44 (full 8):
 PSYoungGen      total 1024512K, used 587583K [0x0000000740000000, 0x00000007ab000000, 0x00000007c0000000)
  eden space 325632K, 100% used [0x0000000740000000,0x0000000753e00000,0x0000000753e00000)
  from space 698880K, 37% used [0x0000000753e00000,0x0000000763dcfc80,0x000000077e880000)
  to   space 698880K, 0% used [0x0000000780580000,0x0000000780580000,0x00000007ab000000)
 ParOldGen       total 2722304K, used 2346277K [0x0000000640000000, 0x00000006e6280000, 0x0000000740000000)
  object space 2722304K, 86% used [0x0000000640000000,0x00000006cf349658,0x00000006e6280000)
 Metaspace       used 7361K, capacity 7610K, committed 7936K, reserved 1056768K
  class space    used 804K, capacity 907K, committed 1024K, reserved 1048576K
Event: 32.242 GC heap after
Heap after GC invocations=44 (full 8):
 PSYoungGen      total 1054208K, used 138629K [0x0000000740000000, 0x00000007ab100000, 0x00000007c0000000)
  eden space 355328K, 0% used [0x0000000740000000,0x0000000740000000,0x0000000755b00000)
  from space 698880K, 19% used [0x0000000780580000,0x0000000788ce15e0,0x00000007ab000000)
  to   space 698880K, 0% used [0x0000000755b00000,0x0000000755b00000,0x0000000780580000)
 ParOldGen       total 2722304K, used 2608372K [0x0000000640000000, 0x00000006e6280000, 0x0000000740000000)
  object space 2722304K, 95% used [0x0000000640000000,0x00000006df33d358,0x00000006e6280000)
 Metaspace       used 7361K, capacity 7610K, committed 7936K, reserved 1056768K
  class space    used 804K, capacity 907K, committed 1024K, reserved 1048576K
}
Event: 32.242 GC heap before
{Heap before GC invocations=45 (full 9):
 PSYoungGen      total 1054208K, used 138629K [0x0000000740000000, 0x00000007ab100000, 0x00000007c0000000)
  eden space 355328K, 0% used [0x0000000740000000,0x0000000740000000,0x0000000755b00000)
  from space 698880K, 19% used [0x0000000780580000,0x0000000788ce15e0,0x00000007ab000000)
  to   space 698880K, 0% used [0x0000000755b00000,0x0000000755b00000,0x0000000780580000)
 ParOldGen       total 2722304K, used 2608372K [0x0000000640000000, 0x00000006e6280000, 0x0000000740000000)
  object space 2722304K, 95% used [0x0000000640000000,0x00000006df33d358,0x00000006e6280000)
 Metaspace       used 7361K, capacity 7610K, committed 7936K, reserved 1056768K
  class space    used 804K, capacity 907K, committed 1024K, reserved 1048576K

