# JRE version: OpenJDK Runtime Environment (8.0_121-b13) (build 1.8.0_121-8u121-b13-0ubuntu1.16.04.2-b13)
# Java VM: OpenJDK 64-Bit Server VM (25.121-b13 mixed mode linux-amd64 compressed oops)
Heap:
 PSYoungGen      total 742400K, used 0K [0x000000076ab00000, 0x00000007b5400000, 0x00000007c0000000)
  eden space 289792K, 0% used [0x000000076ab00000,0x000000076ab00000,0x000000077c600000)
  from space 452608K, 0% used [0x0000000799a00000,0x0000000799a00000,0x00000007b5400000)
  to   space 465920K, 0% used [0x000000077c600000,0x000000077c600000,0x0000000798d00000)
 ParOldGen       total 2191360K, used 2181868K [0x00000006c0000000, 0x0000000745c00000, 0x000000076ab00000)
  object space 2191360K, 99% used [0x00000006c0000000,0x00000007452bb2c0,0x0000000745c00000)
 Metaspace       used 6964K, capacity 7216K, committed 7296K, reserved 1056768K
  class space    used 766K, capacity 844K, committed 896K, reserved 1048576K
GC Heap History (10 events):
Event: 12.054 GC heap after
Heap after GC invocations=21 (full 6):
 PSYoungGen      total 598016K, used 379744K [0x000000076ab00000, 0x00000007b1c00000, 0x00000007c0000000)
  eden space 169472K, 0% used [0x000000076ab00000,0x000000076ab00000,0x0000000775080000)
  from space 428544K, 88% used [0x0000000775080000,0x000000078c358000,0x000000078f300000)
  to   space 465920K, 0% used [0x0000000795500000,0x0000000795500000,0x00000007b1c00000)
 ParOldGen       total 1637376K, used 1247640K [0x00000006c0000000, 0x0000000723f00000, 0x000000076ab00000)
  object space 1637376K, 76% used [0x00000006c0000000,0x000000070c2660e0,0x0000000723f00000)
 Metaspace       used 6964K, capacity 7216K, committed 7296K, reserved 1056768K
  class space    used 766K, capacity 844K, committed 896K, reserved 1048576K
}
Event: 12.105 GC heap before
{Heap before GC invocations=22 (full 6):
 PSYoungGen      total 598016K, used 549216K [0x000000076ab00000, 0x00000007b1c00000, 0x00000007c0000000)
  eden space 169472K, 100% used [0x000000076ab00000,0x0000000775080000,0x0000000775080000)
  from space 428544K, 88% used [0x0000000775080000,0x000000078c358000,0x000000078f300000)
  to   space 465920K, 0% used [0x0000000795500000,0x0000000795500000,0x00000007b1c00000)
 ParOldGen       total 1637376K, used 1247640K [0x00000006c0000000, 0x0000000723f00000, 0x000000076ab00000)
  object space 1637376K, 76% used [0x00000006c0000000,0x000000070c2660e0,0x0000000723f00000)
 Metaspace       used 6964K, capacity 7216K, committed 7296K, reserved 1056768K
  class space    used 766K, capacity 844K, committed 896K, reserved 1048576K
Event: 12.852 GC heap after
Heap after GC invocations=22 (full 6):
 PSYoungGen      total 698368K, used 409472K [0x000000076ab00000, 0x00000007b2400000, 0x00000007c0000000)
  eden space 232448K, 0% used [0x000000076ab00000,0x000000076ab00000,0x0000000778e00000)
  from space 465920K, 87% used [0x0000000795500000,0x00000007ae4e0000,0x00000007b1c00000)
  to   space 465920K, 0% used [0x0000000778e00000,0x0000000778e00000,0x0000000795500000)
 ParOldGen       total 1637376K, used 1366680K [0x00000006c0000000, 0x0000000723f00000, 0x000000076ab00000)
  object space 1637376K, 83% used [0x00000006c0000000,0x00000007136a60e0,0x0000000723f00000)
 Metaspace       used 6964K, capacity 7216K, committed 7296K, reserved 1056768K
  class space    used 766K, capacity 844K, committed 896K, reserved 1048576K
}
Event: 12.922 GC heap before
{Heap before GC invocations=23 (full 6):
 PSYoungGen      total 698368K, used 641920K [0x000000076ab00000, 0x00000007b2400000, 0x00000007c0000000)
  eden space 232448K, 100% used [0x000000076ab00000,0x0000000778e00000,0x0000000778e00000)
  from space 465920K, 87% used [0x0000000795500000,0x00000007ae4e0000,0x00000007b1c00000)
  to   space 465920K, 0% used [0x0000000778e00000,0x0000000778e00000,0x0000000795500000)
 ParOldGen       total 1637376K, used 1366680K [0x00000006c0000000, 0x0000000723f00000, 0x000000076ab00000)
  object space 1637376K, 83% used [0x00000006c0000000,0x00000007136a60e0,0x0000000723f00000)
 Metaspace       used 6964K, capacity 7216K, committed 7296K, reserved 1056768K
  class space    used 766K, capacity 844K, committed 896K, reserved 1048576K
Event: 13.829 GC heap after
Heap after GC invocations=23 (full 6):
 PSYoungGen      total 698368K, used 352096K [0x000000076ab00000, 0x00000007b6100000, 0x00000007c0000000)
  eden space 232448K, 0% used [0x000000076ab00000,0x000000076ab00000,0x0000000778e00000)
  from space 465920K, 75% used [0x0000000778e00000,0x000000078e5d8000,0x0000000795500000)
  to   space 465920K, 0% used [0x0000000799a00000,0x0000000799a00000,0x00000007b6100000)
 ParOldGen       total 1637376K, used 1628456K [0x00000006c0000000, 0x0000000723f00000, 0x000000076ab00000)
  object space 1637376K, 99% used [0x00000006c0000000,0x000000072364a0e0,0x0000000723f00000)
 Metaspace       used 6964K, capacity 7216K, committed 7296K, reserved 1056768K
  class space    used 766K, capacity 844K, committed 896K, reserved 1048576K
}
Event: 13.829 GC heap before
{Heap before GC invocations=24 (full 7):
 PSYoungGen      total 698368K, used 352096K [0x000000076ab00000, 0x00000007b6100000, 0x00000007c0000000)
  eden space 232448K, 0% used [0x000000076ab00000,0x000000076ab00000,0x0000000778e00000)
  from space 465920K, 75% used [0x0000000778e00000,0x000000078e5d8000,0x0000000795500000)
  to   space 465920K, 0% used [0x0000000799a00000,0x0000000799a00000,0x00000007b6100000)
 ParOldGen       total 1637376K, used 1628456K [0x00000006c0000000, 0x0000000723f00000, 0x000000076ab00000)
  object space 1637376K, 99% used [0x00000006c0000000,0x000000072364a0e0,0x0000000723f00000)
 Metaspace       used 6964K, capacity 7216K, committed 7296K, reserved 1056768K
  class space    used 766K, capacity 844K, committed 896K, reserved 1048576K
Event: 18.577 GC heap after
Heap after GC invocations=24 (full 7):
 PSYoungGen      total 698368K, used 341447K [0x000000076ab00000, 0x00000007b6100000, 0x00000007c0000000)
  eden space 232448K, 0% used [0x000000076ab00000,0x000000076ab00000,0x0000000778e00000)
  from space 465920K, 73% used [0x0000000778e00000,0x000000078db71fe0,0x0000000795500000)
  to   space 465920K, 0% used [0x0000000799a00000,0x0000000799a00000,0x00000007b6100000)
 ParOldGen       total 2191360K, used 1637030K [0x00000006c0000000, 0x0000000745c00000, 0x000000076ab00000)
  object space 2191360K, 74% used [0x00000006c0000000,0x0000000723ea9860,0x0000000745c00000)
 Metaspace       used 6964K, capacity 7216K, committed 7296K, reserved 1056768K
  class space    used 766K, capacity 844K, committed 896K, reserved 1048576K
}
Event: 18.647 GC heap before
{Heap before GC invocations=25 (full 7):
 PSYoungGen      total 698368K, used 573895K [0x000000076ab00000, 0x00000007b6100000, 0x00000007c0000000)
  eden space 232448K, 100% used [0x000000076ab00000,0x0000000778e00000,0x0000000778e00000)
  from space 465920K, 73% used [0x0000000778e00000,0x000000078db71fe0,0x0000000795500000)
  to   space 465920K, 0% used [0x0000000799a00000,0x0000000799a00000,0x00000007b6100000)
 ParOldGen       total 2191360K, used 1637030K [0x00000006c0000000, 0x0000000745c00000, 0x000000076ab00000)
  object space 2191360K, 74% used [0x00000006c0000000,0x0000000723ea9860,0x0000000745c00000)
 Metaspace       used 6964K, capacity 7216K, committed 7296K, reserved 1056768K
  class space    used 766K, capacity 844K, committed 896K, reserved 1048576K
Event: 19.701 GC heap after
Heap after GC invocations=25 (full 7):
 PSYoungGen      total 742400K, used 203680K [0x000000076ab00000, 0x00000007b5400000, 0x00000007c0000000)
  eden space 289792K, 0% used [0x000000076ab00000,0x000000076ab00000,0x000000077c600000)
  from space 452608K, 45% used [0x0000000799a00000,0x00000007a60e8000,0x00000007b5400000)
  to   space 465920K, 0% used [0x000000077c600000,0x000000077c600000,0x0000000798d00000)
 ParOldGen       total 2191360K, used 1979830K [0x00000006c0000000, 0x0000000745c00000, 0x000000076ab00000)
  object space 2191360K, 90% used [0x00000006c0000000,0x0000000738d6d860,0x0000000745c00000)
 Metaspace       used 6964K, capacity 7216K, committed 7296K, reserved 1056768K
  class space    used 766K, capacity 844K, committed 896K, reserved 1048576K
}
Event: 19.701 GC heap before
{Heap before GC invocations=26 (full 8):
 PSYoungGen      total 742400K, used 203680K [0x000000076ab00000, 0x00000007b5400000, 0x00000007c0000000)
  eden space 289792K, 0% used [0x000000076ab00000,0x000000076ab00000,0x000000077c600000)
  from space 452608K, 45% used [0x0000000799a00000,0x00000007a60e8000,0x00000007b5400000)
  to   space 465920K, 0% used [0x000000077c600000,0x000000077c600000,0x0000000798d00000)
 ParOldGen       total 2191360K, used 1979830K [0x00000006c0000000, 0x0000000745c00000, 0x000000076ab00000)
  object space 2191360K, 90% used [0x00000006c0000000,0x0000000738d6d860,0x0000000745c00000)
 Metaspace       used 6964K, capacity 7216K, committed 7296K, reserved 1056768K
  class space    used 766K, capacity 844K, committed 896K, reserved 1048576K

